#
# There is insufficient memory for the Java Runtime Environment to continue.
# Native memory allocation (malloc) failed to allocate 32744 bytes for ChunkPool::allocate
# Possible reasons:
#   The system is out of physical RAM or swap space
#   The process is running with CompressedOops enabled, and the Java Heap may be blocking the growth of the native heap
# Possible solutions:
#   Reduce memory load on the system
#   Increase physical memory or swap space
#   Check if swap backing store is full
#   Decrease Java heap size (-Xmx/-Xms)
#   Decrease number of Java threads
#   Decrease Java thread stack sizes (-Xss)
#   Set larger code cache with -XX:ReservedCodeCacheSize=
#   JVM is running with Zero Based Compressed Oops mode in which the Java heap is
#     placed in the first 32GB address space. The Java Heap base address is the
#     maximum limit for the native heap growth. Please use -XX:HeapBaseMinAddress
#     to set the Java Heap base and to place the Java Heap above 32GB virtual address.
# This output file may be truncated or incomplete.
#
#  Out of Memory Error (arena.cpp:79), pid=13948, tid=492
#
# JRE version: OpenJDK Runtime Environment (17.0.10) (build 17.0.10+0--11572160)
# Java VM: OpenJDK 64-Bit Server VM (17.0.10+0--11572160, mixed mode, tiered, compressed oops, compressed class ptrs, g1 gc, windows-amd64)
# No core dump will be written. Minidumps are not enabled by default on client versions of Windows
#

---------------  S U M M A R Y ------------

Command Line: -Dorg.gradle.appname=gradlew org.gradle.wrapper.GradleWrapperMain -q -Ptarget-platform=android-arm,android-arm64,android-x64 -Ptarget=lib\main.dart -Pbase-application-name=android.app.Application -Pdart-obfuscation=false -Ptrack-widget-creation=true -Ptree-shake-icons=true -Psplit-per-abi=true assembleRelease

Host: Intel(R) Core(TM) i3-1005G1 CPU @ 1.20GHz, 4 cores, 11G,  Windows 11 , 64 bit Build 22000 (10.0.22000.2538)
Time: Tue Jul  2 22:02:54 2024 India Standard Time elapsed time: 9.594948 seconds (0d 0h 0m 9s)

---------------  T H R E A D  ---------------

Current thread (0x0000019675062fe0):  JavaThread "C1 CompilerThread0" daemon [_thread_in_native, id=492, stack(0x00000095adf00000,0x00000095ae000000)]


Current CompileTask:
C1:   9595 1219       3       java.util.concurrent.ScheduledThreadPoolExecutor::canRunInCurrentRunState (61 bytes)

Stack: [0x00000095adf00000,0x00000095ae000000]
Native frames: (J=compiled Java code, j=interpreted, Vv=VM code, C=native code)
V  [jvm.dll+0x688e89]
V  [jvm.dll+0x84247a]
V  [jvm.dll+0x8440be]
V  [jvm.dll+0x844723]
V  [jvm.dll+0x24be0f]
V  [jvm.dll+0xac721]
V  [jvm.dll+0xacb6c]
V  [jvm.dll+0x10f450]
V  [jvm.dll+0x1738b4]
V  [jvm.dll+0x16063e]
V  [jvm.dll+0x14e7e0]
V  [jvm.dll+0x137307]
V  [jvm.dll+0x136c9f]
V  [jvm.dll+0x136ed6]
V  [jvm.dll+0x13636a]
V  [jvm.dll+0x138021]
V  [jvm.dll+0x22cd78]
V  [jvm.dll+0x22aeb0]
V  [jvm.dll+0x7f6917]
V  [jvm.dll+0x7f0d1a]
V  [jvm.dll+0x687d05]
C  [ucrtbase.dll+0x26c0c]
C  [KERNEL32.DLL+0x153e0]
C  [ntdll.dll+0x485b]


---------------  P R O C E S S  ---------------

Threads class SMR info:
_java_thread_list=0x00000196762bc220, length=14, elements={
0x0000019655427c90, 0x0000019670e92980, 0x0000019670e93540, 0x0000019675048d00,
0x00000196750496c0, 0x000001967504c090, 0x000001967504ff50, 0x0000019675062410,
0x0000019675062fe0, 0x000001967506f510, 0x00000196751c9b60, 0x00000196751e09f0,
0x0000019675f07090, 0x00000196765d7490
}

Java Threads: ( => current thread )
  0x0000019655427c90 JavaThread "main" [_thread_in_native, id=15196, stack(0x00000095acf00000,0x00000095ad000000)]
  0x0000019670e92980 JavaThread "Reference Handler" daemon [_thread_blocked, id=14620, stack(0x00000095ad700000,0x00000095ad800000)]
  0x0000019670e93540 JavaThread "Finalizer" daemon [_thread_blocked, id=13328, stack(0x00000095ad800000,0x00000095ad900000)]
  0x0000019675048d00 JavaThread "Signal Dispatcher" daemon [_thread_blocked, id=13568, stack(0x00000095ada00000,0x00000095adb00000)]
  0x00000196750496c0 JavaThread "Attach Listener" daemon [_thread_blocked, id=13860, stack(0x00000095adb00000,0x00000095adc00000)]
  0x000001967504c090 JavaThread "Service Thread" daemon [_thread_blocked, id=5848, stack(0x00000095adc00000,0x00000095add00000)]
  0x000001967504ff50 JavaThread "Monitor Deflation Thread" daemon [_thread_blocked, id=14920, stack(0x00000095add00000,0x00000095ade00000)]
  0x0000019675062410 JavaThread "C2 CompilerThread0" daemon [_thread_blocked, id=11748, stack(0x00000095ade00000,0x00000095adf00000)]
=>0x0000019675062fe0 JavaThread "C1 CompilerThread0" daemon [_thread_in_native, id=492, stack(0x00000095adf00000,0x00000095ae000000)]
  0x000001967506f510 JavaThread "Sweeper thread" daemon [_thread_blocked, id=1992, stack(0x00000095ae000000,0x00000095ae100000)]
  0x00000196751c9b60 JavaThread "Notification Thread" daemon [_thread_blocked, id=11560, stack(0x00000095ae100000,0x00000095ae200000)]
  0x00000196751e09f0 JavaThread "Common-Cleaner" daemon [_thread_blocked, id=13912, stack(0x00000095ae300000,0x00000095ae400000)]
  0x0000019675f07090 JavaThread "pool-1-thread-1" [_thread_blocked, id=14396, stack(0x00000095ae800000,0x00000095ae900000)]
  0x00000196765d7490 JavaThread "Forward input" [_thread_blocked, id=2516, stack(0x00000095aea00000,0x00000095aeb00000)]

Other Threads:
  0x0000019670e8c640 VMThread "VM Thread" [stack: 0x00000095ad600000,0x00000095ad700000] [id=13096]
  0x00000196751ca040 WatcherThread [stack: 0x00000095ae200000,0x00000095ae300000] [id=14780]
  0x000001965547f4f0 GCTaskThread "GC Thread#0" [stack: 0x00000095ad100000,0x00000095ad200000] [id=1760]
  0x000001967559ad60 GCTaskThread "GC Thread#1" [stack: 0x00000095ae500000,0x00000095ae600000] [id=14484]
  0x00000196757884c0 GCTaskThread "GC Thread#2" [stack: 0x00000095ae600000,0x00000095ae700000] [id=14344]
  0x0000019675788780 GCTaskThread "GC Thread#3" [stack: 0x00000095ae700000,0x00000095ae800000] [id=5608]
  0x000001965548c110 ConcurrentGCThread "G1 Main Marker" [stack: 0x00000095ad200000,0x00000095ad300000] [id=8348]
  0x000001965548cb30 ConcurrentGCThread "G1 Conc#0" [stack: 0x00000095ad300000,0x00000095ad400000] [id=6868]
  0x00000196554ed4c0 ConcurrentGCThread "G1 Refine#0" [stack: 0x00000095ad400000,0x00000095ad500000] [id=10748]
  0x00000196554edef0 ConcurrentGCThread "G1 Service" [stack: 0x00000095ad500000,0x00000095ad600000] [id=6988]

Threads with active compile tasks:
C1 CompilerThread0     9612 1219       3       java.util.concurrent.ScheduledThreadPoolExecutor::canRunInCurrentRunState (61 bytes)

VM state: not at safepoint (normal execution)

VM Mutex/Monitor currently owned by a thread: None

Heap address: 0x0000000743200000, size: 3022 MB, Compressed Oops mode: Zero based, Oop shift amount: 3

CDS archive(s) not mapped
Compressed class space mapped at: 0x0000000800000000-0x0000000840000000, reserved size: 1073741824
Narrow klass base: 0x0000000800000000, Narrow klass shift: 0, Narrow klass range: 0x40000000

GC Precious Log:
 CPUs: 4 total, 4 available
 Memory: 12083M
 Large Page Support: Disabled
 NUMA Support: Disabled
 Compressed Oops: Enabled (Zero based)
 Heap Region Size: 2M
 Heap Min Capacity: 8M
 Heap Initial Capacity: 190M
 Heap Max Capacity: 3022M
 Pre-touch: Disabled
 Parallel Workers: 4
 Concurrent Workers: 1
 Concurrent Refinement Workers: 4
 Periodic GC: Disabled

Heap:
 garbage-first heap   total 194560K, used 20557K [0x0000000743200000, 0x0000000800000000)
  region size 2048K, 7 young (14336K), 1 survivors (2048K)
 Metaspace       used 16459K, committed 16704K, reserved 1114112K
  class space    used 1922K, committed 2048K, reserved 1048576K

Heap Regions: E=young(eden), S=young(survivor), O=old, HS=humongous(starts), HC=humongous(continues), CS=collection set, F=free, OA=open archive, CA=closed archive, TAMS=top-at-mark-start (previous, next)
|   0|0x0000000743200000, 0x0000000743400000, 0x0000000743400000|100%|HS|  |TAMS 0x0000000743200000, 0x0000000743200000| Complete 
|   1|0x0000000743400000, 0x0000000743600000, 0x0000000743600000|100%|HC|  |TAMS 0x0000000743400000, 0x0000000743400000| Complete 
|   2|0x0000000743600000, 0x0000000743800000, 0x0000000743800000|100%| O|  |TAMS 0x0000000743600000, 0x0000000743600000| Untracked 
|   3|0x0000000743800000, 0x0000000743a00000, 0x0000000743a00000|100%| O|  |TAMS 0x0000000743800000, 0x0000000743800000| Untracked 
|   4|0x0000000743a00000, 0x0000000743a13600, 0x0000000743c00000|  3%| O|  |TAMS 0x0000000743a00000, 0x0000000743a00000| Untracked 
|   5|0x0000000743c00000, 0x0000000743c00000, 0x0000000743e00000|  0%| F|  |TAMS 0x0000000743c00000, 0x0000000743c00000| Untracked 
|   6|0x0000000743e00000, 0x0000000743e00000, 0x0000000744000000|  0%| F|  |TAMS 0x0000000743e00000, 0x0000000743e00000| Untracked 
|   7|0x0000000744000000, 0x0000000744000000, 0x0000000744200000|  0%| F|  |TAMS 0x0000000744000000, 0x0000000744000000| Untracked 
|   8|0x0000000744200000, 0x0000000744200000, 0x0000000744400000|  0%| F|  |TAMS 0x0000000744200000, 0x0000000744200000| Untracked 
|   9|0x0000000744400000, 0x0000000744400000, 0x0000000744600000|  0%| F|  |TAMS 0x0000000744400000, 0x0000000744400000| Untracked 
|  10|0x0000000744600000, 0x0000000744600000, 0x0000000744800000|  0%| F|  |TAMS 0x0000000744600000, 0x0000000744600000| Untracked 
|  11|0x0000000744800000, 0x0000000744800000, 0x0000000744a00000|  0%| F|  |TAMS 0x0000000744800000, 0x0000000744800000| Untracked 
|  12|0x0000000744a00000, 0x0000000744a00000, 0x0000000744c00000|  0%| F|  |TAMS 0x0000000744a00000, 0x0000000744a00000| Untracked 
|  13|0x0000000744c00000, 0x0000000744c00000, 0x0000000744e00000|  0%| F|  |TAMS 0x0000000744c00000, 0x0000000744c00000| Untracked 
|  14|0x0000000744e00000, 0x0000000744e00000, 0x0000000745000000|  0%| F|  |TAMS 0x0000000744e00000, 0x0000000744e00000| Untracked 
|  15|0x0000000745000000, 0x0000000745000000, 0x0000000745200000|  0%| F|  |TAMS 0x0000000745000000, 0x0000000745000000| Untracked 
|  16|0x0000000745200000, 0x0000000745200000, 0x0000000745400000|  0%| F|  |TAMS 0x0000000745200000, 0x0000000745200000| Untracked 
|  17|0x0000000745400000, 0x0000000745400000, 0x0000000745600000|  0%| F|  |TAMS 0x0000000745400000, 0x0000000745400000| Untracked 
|  18|0x0000000745600000, 0x0000000745600000, 0x0000000745800000|  0%| F|  |TAMS 0x0000000745600000, 0x0000000745600000| Untracked 
|  19|0x0000000745800000, 0x0000000745800000, 0x0000000745a00000|  0%| F|  |TAMS 0x0000000745800000, 0x0000000745800000| Untracked 
|  20|0x0000000745a00000, 0x0000000745a00000, 0x0000000745c00000|  0%| F|  |TAMS 0x0000000745a00000, 0x0000000745a00000| Untracked 
|  21|0x0000000745c00000, 0x0000000745c00000, 0x0000000745e00000|  0%| F|  |TAMS 0x0000000745c00000, 0x0000000745c00000| Untracked 
|  22|0x0000000745e00000, 0x0000000745e00000, 0x0000000746000000|  0%| F|  |TAMS 0x0000000745e00000, 0x0000000745e00000| Untracked 
|  23|0x0000000746000000, 0x0000000746000000, 0x0000000746200000|  0%| F|  |TAMS 0x0000000746000000, 0x0000000746000000| Untracked 
|  24|0x0000000746200000, 0x0000000746200000, 0x0000000746400000|  0%| F|  |TAMS 0x0000000746200000, 0x0000000746200000| Untracked 
|  25|0x0000000746400000, 0x0000000746400000, 0x0000000746600000|  0%| F|  |TAMS 0x0000000746400000, 0x0000000746400000| Untracked 
|  26|0x0000000746600000, 0x0000000746600000, 0x0000000746800000|  0%| F|  |TAMS 0x0000000746600000, 0x0000000746600000| Untracked 
|  27|0x0000000746800000, 0x0000000746800000, 0x0000000746a00000|  0%| F|  |TAMS 0x0000000746800000, 0x0000000746800000| Untracked 
|  28|0x0000000746a00000, 0x0000000746a00000, 0x0000000746c00000|  0%| F|  |TAMS 0x0000000746a00000, 0x0000000746a00000| Untracked 
|  29|0x0000000746c00000, 0x0000000746c00000, 0x0000000746e00000|  0%| F|  |TAMS 0x0000000746c00000, 0x0000000746c00000| Untracked 
|  30|0x0000000746e00000, 0x0000000746e00000, 0x0000000747000000|  0%| F|  |TAMS 0x0000000746e00000, 0x0000000746e00000| Untracked 
|  31|0x0000000747000000, 0x0000000747000000, 0x0000000747200000|  0%| F|  |TAMS 0x0000000747000000, 0x0000000747000000| Untracked 
|  32|0x0000000747200000, 0x0000000747200000, 0x0000000747400000|  0%| F|  |TAMS 0x0000000747200000, 0x0000000747200000| Untracked 
|  33|0x0000000747400000, 0x0000000747400000, 0x0000000747600000|  0%| F|  |TAMS 0x0000000747400000, 0x0000000747400000| Untracked 
|  34|0x0000000747600000, 0x0000000747600000, 0x0000000747800000|  0%| F|  |TAMS 0x0000000747600000, 0x0000000747600000| Untracked 
|  35|0x0000000747800000, 0x0000000747800000, 0x0000000747a00000|  0%| F|  |TAMS 0x0000000747800000, 0x0000000747800000| Untracked 
|  36|0x0000000747a00000, 0x0000000747a00000, 0x0000000747c00000|  0%| F|  |TAMS 0x0000000747a00000, 0x0000000747a00000| Untracked 
|  37|0x0000000747c00000, 0x0000000747c00000, 0x0000000747e00000|  0%| F|  |TAMS 0x0000000747c00000, 0x0000000747c00000| Untracked 
|  38|0x0000000747e00000, 0x0000000747e00000, 0x0000000748000000|  0%| F|  |TAMS 0x0000000747e00000, 0x0000000747e00000| Untracked 
|  39|0x0000000748000000, 0x0000000748000000, 0x0000000748200000|  0%| F|  |TAMS 0x0000000748000000, 0x0000000748000000| Untracked 
|  40|0x0000000748200000, 0x0000000748200000, 0x0000000748400000|  0%| F|  |TAMS 0x0000000748200000, 0x0000000748200000| Untracked 
|  41|0x0000000748400000, 0x0000000748400000, 0x0000000748600000|  0%| F|  |TAMS 0x0000000748400000, 0x0000000748400000| Untracked 
|  42|0x0000000748600000, 0x0000000748600000, 0x0000000748800000|  0%| F|  |TAMS 0x0000000748600000, 0x0000000748600000| Untracked 
|  43|0x0000000748800000, 0x0000000748800000, 0x0000000748a00000|  0%| F|  |TAMS 0x0000000748800000, 0x0000000748800000| Untracked 
|  44|0x0000000748a00000, 0x0000000748a00000, 0x0000000748c00000|  0%| F|  |TAMS 0x0000000748a00000, 0x0000000748a00000| Untracked 
|  45|0x0000000748c00000, 0x0000000748c00000, 0x0000000748e00000|  0%| F|  |TAMS 0x0000000748c00000, 0x0000000748c00000| Untracked 
|  46|0x0000000748e00000, 0x0000000748e00000, 0x0000000749000000|  0%| F|  |TAMS 0x0000000748e00000, 0x0000000748e00000| Untracked 
|  47|0x0000000749000000, 0x0000000749000000, 0x0000000749200000|  0%| F|  |TAMS 0x0000000749000000, 0x0000000749000000| Untracked 
|  48|0x0000000749200000, 0x0000000749200000, 0x0000000749400000|  0%| F|  |TAMS 0x0000000749200000, 0x0000000749200000| Untracked 
|  49|0x0000000749400000, 0x0000000749400000, 0x0000000749600000|  0%| F|  |TAMS 0x0000000749400000, 0x0000000749400000| Untracked 
|  50|0x0000000749600000, 0x0000000749600000, 0x0000000749800000|  0%| F|  |TAMS 0x0000000749600000, 0x0000000749600000| Untracked 
|  51|0x0000000749800000, 0x0000000749800000, 0x0000000749a00000|  0%| F|  |TAMS 0x0000000749800000, 0x0000000749800000| Untracked 
|  52|0x0000000749a00000, 0x0000000749a00000, 0x0000000749c00000|  0%| F|  |TAMS 0x0000000749a00000, 0x0000000749a00000| Untracked 
|  53|0x0000000749c00000, 0x0000000749c00000, 0x0000000749e00000|  0%| F|  |TAMS 0x0000000749c00000, 0x0000000749c00000| Untracked 
|  54|0x0000000749e00000, 0x0000000749e00000, 0x000000074a000000|  0%| F|  |TAMS 0x0000000749e00000, 0x0000000749e00000| Untracked 
|  55|0x000000074a000000, 0x000000074a000000, 0x000000074a200000|  0%| F|  |TAMS 0x000000074a000000, 0x000000074a000000| Untracked 
|  56|0x000000074a200000, 0x000000074a200000, 0x000000074a400000|  0%| F|  |TAMS 0x000000074a200000, 0x000000074a200000| Untracked 
|  57|0x000000074a400000, 0x000000074a400000, 0x000000074a600000|  0%| F|  |TAMS 0x000000074a400000, 0x000000074a400000| Untracked 
|  58|0x000000074a600000, 0x000000074a600000, 0x000000074a800000|  0%| F|  |TAMS 0x000000074a600000, 0x000000074a600000| Untracked 
|  59|0x000000074a800000, 0x000000074a800000, 0x000000074aa00000|  0%| F|  |TAMS 0x000000074a800000, 0x000000074a800000| Untracked 
|  60|0x000000074aa00000, 0x000000074aa00000, 0x000000074ac00000|  0%| F|  |TAMS 0x000000074aa00000, 0x000000074aa00000| Untracked 
|  61|0x000000074ac00000, 0x000000074ac00000, 0x000000074ae00000|  0%| F|  |TAMS 0x000000074ac00000, 0x000000074ac00000| Untracked 
|  62|0x000000074ae00000, 0x000000074ae00000, 0x000000074b000000|  0%| F|  |TAMS 0x000000074ae00000, 0x000000074ae00000| Untracked 
|  63|0x000000074b000000, 0x000000074b000000, 0x000000074b200000|  0%| F|  |TAMS 0x000000074b000000, 0x000000074b000000| Untracked 
|  64|0x000000074b200000, 0x000000074b200000, 0x000000074b400000|  0%| F|  |TAMS 0x000000074b200000, 0x000000074b200000| Untracked 
|  65|0x000000074b400000, 0x000000074b400000, 0x000000074b600000|  0%| F|  |TAMS 0x000000074b400000, 0x000000074b400000| Untracked 
|  66|0x000000074b600000, 0x000000074b600000, 0x000000074b800000|  0%| F|  |TAMS 0x000000074b600000, 0x000000074b600000| Untracked 
|  67|0x000000074b800000, 0x000000074b800000, 0x000000074ba00000|  0%| F|  |TAMS 0x000000074b800000, 0x000000074b800000| Untracked 
|  68|0x000000074ba00000, 0x000000074ba00000, 0x000000074bc00000|  0%| F|  |TAMS 0x000000074ba00000, 0x000000074ba00000| Untracked 
|  69|0x000000074bc00000, 0x000000074bc00000, 0x000000074be00000|  0%| F|  |TAMS 0x000000074bc00000, 0x000000074bc00000| Untracked 
|  70|0x000000074be00000, 0x000000074be00000, 0x000000074c000000|  0%| F|  |TAMS 0x000000074be00000, 0x000000074be00000| Untracked 
|  71|0x000000074c000000, 0x000000074c000000, 0x000000074c200000|  0%| F|  |TAMS 0x000000074c000000, 0x000000074c000000| Untracked 
|  72|0x000000074c200000, 0x000000074c200000, 0x000000074c400000|  0%| F|  |TAMS 0x000000074c200000, 0x000000074c200000| Untracked 
|  73|0x000000074c400000, 0x000000074c400000, 0x000000074c600000|  0%| F|  |TAMS 0x000000074c400000, 0x000000074c400000| Untracked 
|  74|0x000000074c600000, 0x000000074c600000, 0x000000074c800000|  0%| F|  |TAMS 0x000000074c600000, 0x000000074c600000| Untracked 
|  75|0x000000074c800000, 0x000000074c800000, 0x000000074ca00000|  0%| F|  |TAMS 0x000000074c800000, 0x000000074c800000| Untracked 
|  76|0x000000074ca00000, 0x000000074ca00000, 0x000000074cc00000|  0%| F|  |TAMS 0x000000074ca00000, 0x000000074ca00000| Untracked 
|  77|0x000000074cc00000, 0x000000074cc00000, 0x000000074ce00000|  0%| F|  |TAMS 0x000000074cc00000, 0x000000074cc00000| Untracked 
|  78|0x000000074ce00000, 0x000000074ce00000, 0x000000074d000000|  0%| F|  |TAMS 0x000000074ce00000, 0x000000074ce00000| Untracked 
|  79|0x000000074d000000, 0x000000074d000000, 0x000000074d200000|  0%| F|  |TAMS 0x000000074d000000, 0x000000074d000000| Untracked 
|  80|0x000000074d200000, 0x000000074d200000, 0x000000074d400000|  0%| F|  |TAMS 0x000000074d200000, 0x000000074d200000| Untracked 
|  81|0x000000074d400000, 0x000000074d400000, 0x000000074d600000|  0%| F|  |TAMS 0x000000074d400000, 0x000000074d400000| Untracked 
|  82|0x000000074d600000, 0x000000074d600000, 0x000000074d800000|  0%| F|  |TAMS 0x000000074d600000, 0x000000074d600000| Untracked 
|  83|0x000000074d800000, 0x000000074d800000, 0x000000074da00000|  0%| F|  |TAMS 0x000000074d800000, 0x000000074d800000| Untracked 
|  84|0x000000074da00000, 0x000000074da00000, 0x000000074dc00000|  0%| F|  |TAMS 0x000000074da00000, 0x000000074da00000| Untracked 
|  85|0x000000074dc00000, 0x000000074dc00000, 0x000000074de00000|  0%| F|  |TAMS 0x000000074dc00000, 0x000000074dc00000| Untracked 
|  86|0x000000074de00000, 0x000000074e000000, 0x000000074e000000|100%| S|CS|TAMS 0x000000074de00000, 0x000000074de00000| Complete 
|  87|0x000000074e000000, 0x000000074e000000, 0x000000074e200000|  0%| F|  |TAMS 0x000000074e000000, 0x000000074e000000| Untracked 
|  88|0x000000074e200000, 0x000000074e200000, 0x000000074e400000|  0%| F|  |TAMS 0x000000074e200000, 0x000000074e200000| Untracked 
|  89|0x000000074e400000, 0x000000074e4cf570, 0x000000074e600000| 40%| E|  |TAMS 0x000000074e400000, 0x000000074e400000| Complete 
|  90|0x000000074e600000, 0x000000074e800000, 0x000000074e800000|100%| E|CS|TAMS 0x000000074e600000, 0x000000074e600000| Complete 
|  91|0x000000074e800000, 0x000000074ea00000, 0x000000074ea00000|100%| E|CS|TAMS 0x000000074e800000, 0x000000074e800000| Complete 
|  92|0x000000074ea00000, 0x000000074ec00000, 0x000000074ec00000|100%| E|CS|TAMS 0x000000074ea00000, 0x000000074ea00000| Complete 
|  93|0x000000074ec00000, 0x000000074ee00000, 0x000000074ee00000|100%| E|CS|TAMS 0x000000074ec00000, 0x000000074ec00000| Complete 
|  94|0x000000074ee00000, 0x000000074f000000, 0x000000074f000000|100%| E|CS|TAMS 0x000000074ee00000, 0x000000074ee00000| Complete 

Card table byte_map: [0x0000019667f00000,0x00000196684f0000] _byte_map_base: 0x00000196644e7000

Marking Bits (Prev, Next): (CMBitMap*) 0x000001965547fb10, (CMBitMap*) 0x000001965547fb50
 Prev Bits: [0x0000019668ae0000, 0x000001966ba18000)
 Next Bits: [0x000001966ba20000, 0x000001966e958000)

Polling page: 0x00000196535c0000

Metaspace:

Usage:
  Non-class:     14.20 MB used.
      Class:      1.88 MB used.
       Both:     16.07 MB used.

Virtual space:
  Non-class space:       64.00 MB reserved,      14.31 MB ( 22%) committed,  1 nodes.
      Class space:        1.00 GB reserved,       2.00 MB ( <1%) committed,  1 nodes.
             Both:        1.06 GB reserved,      16.31 MB (  1%) committed. 

Chunk freelists:
   Non-Class:  976.00 KB
       Class:  14.04 MB
        Both:  15.00 MB

MaxMetaspaceSize: unlimited
CompressedClassSpaceSize: 1.00 GB
Initial GC threshold: 21.00 MB
Current GC threshold: 21.00 MB
CDS: off
MetaspaceReclaimPolicy: balanced
 - commit_granule_bytes: 65536.
 - commit_granule_words: 8192.
 - virtual_space_node_default_size: 8388608.
 - enlarge_chunks_in_place: 1.
 - new_chunks_are_fully_committed: 0.
 - uncommit_free_chunks: 1.
 - use_allocation_guard: 0.
 - handle_deallocations: 1.


Internal statistics:

num_allocs_failed_limit: 0.
num_arena_births: 80.
num_arena_deaths: 0.
num_vsnodes_births: 2.
num_vsnodes_deaths: 0.
num_space_committed: 261.
num_space_uncommitted: 0.
num_chunks_returned_to_freelist: 0.
num_chunks_taken_from_freelist: 307.
num_chunk_merges: 0.
num_chunk_splits: 200.
num_chunks_enlarged: 163.
num_inconsistent_stats: 0.

CodeHeap 'non-profiled nmethods': size=120000Kb used=491Kb max_used=491Kb free=119508Kb
 bounds [0x00000196603e0000, 0x0000019660650000, 0x0000019667910000]
CodeHeap 'profiled nmethods': size=120000Kb used=2241Kb max_used=2241Kb free=117758Kb
 bounds [0x0000019658910000, 0x0000019658b80000, 0x000001965fe40000]
CodeHeap 'non-nmethods': size=5760Kb used=1176Kb max_used=1190Kb free=4583Kb
 bounds [0x000001965fe40000, 0x00000196600b0000, 0x00000196603e0000]
 total_blobs=1678 nmethods=1218 adapters=373
 compilation: enabled
              stopped_count=0, restarted_count=0
 full_count=0

Compilation events (20 events):
Event: 5.013 Thread 0x0000019675062fe0 nmethod 1209 0x0000019658b3d490 code [0x0000019658b3d620, 0x0000019658b3d718]
Event: 5.013 Thread 0x0000019675062fe0 1210       3       org.gradle.internal.logging.text.AbstractLineChoppingStyledTextOutput$StateContext::next (11 bytes)
Event: 5.013 Thread 0x0000019675062fe0 nmethod 1210 0x0000019658b3d790 code [0x0000019658b3d920, 0x0000019658b3da38]
Event: 5.198 Thread 0x0000019675062fe0 1211       3       java.util.concurrent.locks.AbstractQueuedSynchronizer::compareAndSetState (13 bytes)
Event: 5.199 Thread 0x0000019675062fe0 nmethod 1211 0x0000019658b3db10 code [0x0000019658b3dca0, 0x0000019658b3ddd8]
Event: 5.199 Thread 0x0000019675062fe0 1212       3       java.util.concurrent.locks.AbstractQueuedSynchronizer::release (19 bytes)
Event: 5.199 Thread 0x0000019675062fe0 nmethod 1212 0x0000019658b3de90 code [0x0000019658b3e080, 0x0000019658b3e508]
Event: 6.100 Thread 0x0000019675062fe0 1213       3       java.util.concurrent.ThreadPoolExecutor::runStateAtLeast (11 bytes)
Event: 6.100 Thread 0x0000019675062fe0 nmethod 1213 0x0000019658b3e690 code [0x0000019658b3e820, 0x0000019658b3e978]
Event: 6.600 Thread 0x0000019675062fe0 1214       3       java.util.concurrent.locks.ReentrantLock$Sync::tryRelease (51 bytes)
Event: 6.600 Thread 0x0000019675062fe0 nmethod 1214 0x0000019658b3ea10 code [0x0000019658b3ebc0, 0x0000019658b3ef28]
Event: 8.390 Thread 0x0000019675062fe0 1215       3       java.util.LinkedHashMap$LinkedHashIterator::<init> (31 bytes)
Event: 8.390 Thread 0x0000019675062fe0 nmethod 1215 0x0000019658b3f010 code [0x0000019658b3f1c0, 0x0000019658b3f438]
Event: 9.294 Thread 0x0000019675062fe0 1216       3       java.util.concurrent.locks.ReentrantLock$NonfairSync::initialTryLock (58 bytes)
Event: 9.294 Thread 0x0000019675062fe0 nmethod 1216 0x0000019658b3f510 code [0x0000019658b3f6e0, 0x0000019658b3faf8]
Event: 9.388 Thread 0x0000019675062fe0 1217       3       java.util.concurrent.locks.ReentrantLock::unlock (10 bytes)
Event: 9.388 Thread 0x0000019675062fe0 nmethod 1217 0x0000019658b3fc10 code [0x0000019658b3fde0, 0x0000019658b400b8]
Event: 9.589 Thread 0x0000019675062fe0 1218       3       java.util.concurrent.ThreadPoolExecutor::isShutdown (12 bytes)
Event: 9.589 Thread 0x0000019675062fe0 nmethod 1218 0x0000019658b40210 code [0x0000019658b403c0, 0x0000019658b405b8]
Event: 9.589 Thread 0x0000019675062fe0 1219       3       java.util.concurrent.ScheduledThreadPoolExecutor::canRunInCurrentRunState (61 bytes)

GC Heap History (4 events):
Event: 0.682 GC heap before
{Heap before GC invocations=0 (full 0):
 garbage-first heap   total 194560K, used 14336K [0x0000000743200000, 0x0000000800000000)
  region size 2048K, 6 young (12288K), 0 survivors (0K)
 Metaspace       used 8401K, committed 8512K, reserved 1114112K
  class space    used 739K, committed 768K, reserved 1048576K
}
Event: 0.685 GC heap after
{Heap after GC invocations=1 (full 0):
 garbage-first heap   total 194560K, used 2048K [0x0000000743200000, 0x0000000800000000)
  region size 2048K, 1 young (2048K), 1 survivors (2048K)
 Metaspace       used 8401K, committed 8512K, reserved 1114112K
  class space    used 739K, committed 768K, reserved 1048576K
}
Event: 1.145 GC heap before
{Heap before GC invocations=1 (full 0):
 garbage-first heap   total 194560K, used 20480K [0x0000000743200000, 0x0000000800000000)
  region size 2048K, 8 young (16384K), 1 survivors (2048K)
 Metaspace       used 12111K, committed 12352K, reserved 1114112K
  class space    used 1328K, committed 1472K, reserved 1048576K
}
Event: 1.148 GC heap after
{Heap after GC invocations=2 (full 0):
 garbage-first heap   total 194560K, used 10317K [0x0000000743200000, 0x0000000800000000)
  region size 2048K, 1 young (2048K), 1 survivors (2048K)
 Metaspace       used 12111K, committed 12352K, reserved 1114112K
  class space    used 1328K, committed 1472K, reserved 1048576K
}

Dll operation events (2 events):
Event: 0.012 Loaded shared library C:\Program Files\Android\Android Studio\jbr\bin\java.dll
Event: 0.179 Loaded shared library C:\Program Files\Android\Android Studio\jbr\bin\verify.dll

Deoptimization events (20 events):
Event: 1.226 Thread 0x0000019655427c90 DEOPT PACKING pc=0x00000196589adee5 sp=0x00000095acffbaf0
Event: 1.226 Thread 0x0000019655427c90 DEOPT UNPACKING pc=0x000001965fe9ace3 sp=0x00000095acffaf40 mode 0
Event: 1.337 Thread 0x0000019655427c90 DEOPT PACKING pc=0x00000196589fafc8 sp=0x00000095acff9fd0
Event: 1.337 Thread 0x0000019655427c90 DEOPT UNPACKING pc=0x000001965fe9ace3 sp=0x00000095acff94e8 mode 0
Event: 1.428 Thread 0x0000019655427c90 Uncommon trap: trap_request=0xffffffc6 fr.pc=0x0000019660440414 relative=0x00000000000005b4
Event: 1.428 Thread 0x0000019655427c90 Uncommon trap: reason=bimorphic_or_optimized_type_check action=maybe_recompile pc=0x0000019660440414 method=java.util.concurrent.ConcurrentHashMap.get(Ljava/lang/Object;)Ljava/lang/Object; @ 149 c2
Event: 1.428 Thread 0x0000019655427c90 DEOPT PACKING pc=0x0000019660440414 sp=0x00000095acffb800
Event: 1.428 Thread 0x0000019655427c90 DEOPT UNPACKING pc=0x000001965fe9a1a3 sp=0x00000095acffb7a0 mode 2
Event: 1.555 Thread 0x0000019655427c90 Uncommon trap: trap_request=0xffffff45 fr.pc=0x0000019660435074 relative=0x0000000000001e34
Event: 1.555 Thread 0x0000019655427c90 Uncommon trap: reason=unstable_if action=reinterpret pc=0x0000019660435074 method=java.io.WinNTFileSystem.normalize(Ljava/lang/String;)Ljava/lang/String; @ 128 c2
Event: 1.555 Thread 0x0000019655427c90 DEOPT PACKING pc=0x0000019660435074 sp=0x00000095acffb810
Event: 1.555 Thread 0x0000019655427c90 DEOPT UNPACKING pc=0x000001965fe9a1a3 sp=0x00000095acffb7f8 mode 2
Event: 1.828 Thread 0x0000019655427c90 Uncommon trap: trap_request=0xffffff45 fr.pc=0x0000019660418cd8 relative=0x0000000000000698
Event: 1.828 Thread 0x0000019655427c90 Uncommon trap: reason=unstable_if action=reinterpret pc=0x0000019660418cd8 method=java.lang.AbstractStringBuilder.append(Ljava/lang/String;)Ljava/lang/AbstractStringBuilder; @ 1 c2
Event: 1.828 Thread 0x0000019655427c90 DEOPT PACKING pc=0x0000019660418cd8 sp=0x00000095acffc5a0
Event: 1.829 Thread 0x0000019655427c90 DEOPT UNPACKING pc=0x000001965fe9a1a3 sp=0x00000095acffc520 mode 2
Event: 1.829 Thread 0x0000019655427c90 Uncommon trap: trap_request=0xffffff45 fr.pc=0x000001966041a174 relative=0x00000000000006b4
Event: 1.829 Thread 0x0000019655427c90 Uncommon trap: reason=unstable_if action=reinterpret pc=0x000001966041a174 method=java.lang.AbstractStringBuilder.append(Ljava/lang/String;)Ljava/lang/AbstractStringBuilder; @ 1 c2
Event: 1.829 Thread 0x0000019655427c90 DEOPT PACKING pc=0x000001966041a174 sp=0x00000095acffc540
Event: 1.829 Thread 0x0000019655427c90 DEOPT UNPACKING pc=0x000001965fe9a1a3 sp=0x00000095acffc528 mode 2

Classes unloaded (0 events):
No events

Classes redefined (0 events):
No events

Internal exceptions (19 events):
Event: 0.359 Thread 0x0000019655427c90 Exception <a 'java/lang/NoSuchMethodError'{0x000000074ed13d38}: 'int java.lang.invoke.DirectMethodHandle$Holder.invokeStaticInit(java.lang.Object, java.lang.Object)'> (0x000000074ed13d38) 
thrown [s\src\hotspot\share\interpreter\linkResolver.cpp, line 771]
Event: 0.992 Thread 0x0000019655427c90 Exception <a 'java/lang/NoSuchMethodError'{0x000000074e7447e0}: 'void java.lang.invoke.DirectMethodHandle$Holder.invokeStatic(java.lang.Object, java.lang.Object)'> (0x000000074e7447e0) 
thrown [s\src\hotspot\share\interpreter\linkResolver.cpp, line 771]
Event: 1.012 Thread 0x0000019655427c90 Exception <a 'java/lang/NoClassDefFoundError'{0x000000074e7cbe90}: org/slf4j/impl/StaticMarkerBinder> (0x000000074e7cbe90) 
thrown [s\src\hotspot\share\classfile\systemDictionary.cpp, line 245]
Event: 1.029 Thread 0x0000019655427c90 Exception <a 'java/lang/NoSuchMethodError'{0x000000074e467670}: 'java.lang.Object java.lang.invoke.DirectMethodHandle$Holder.invokeVirtual(java.lang.Object, java.lang.Object, java.lang.Object, java.lang.Object, java.lang.Object, java.lang.Object, java.lang.Object)'> (0x000000074e467670) 
thrown [s\src\hotspot\share\interpreter\linkResolver.cpp, line 771]
Event: 1.032 Thread 0x0000019655427c90 Exception <a 'java/lang/NoSuchMethodError'{0x000000074e478bf0}: 'java.lang.Object java.lang.invoke.Invokers$Holder.invoker(java.lang.Object, java.lang.Object, java.lang.Object)'> (0x000000074e478bf0) 
thrown [s\src\hotspot\share\interpreter\linkResolver.cpp, line 771]
Event: 1.035 Thread 0x0000019655427c90 Exception <a 'java/lang/NoSuchMethodError'{0x000000074e481d20}: 'java.lang.Object java.lang.invoke.DirectMethodHandle$Holder.invokeStatic(java.lang.Object, java.lang.Object, int)'> (0x000000074e481d20) 
thrown [s\src\hotspot\share\interpreter\linkResolver.cpp, line 771]
Event: 1.037 Thread 0x0000019655427c90 Exception <a 'java/lang/NoSuchMethodError'{0x000000074e48da10}: 'void java.lang.invoke.DelegatingMethodHandle$Holder.delegate(java.lang.Object, java.lang.Object, int, java.lang.Object)'> (0x000000074e48da10) 
thrown [s\src\hotspot\share\interpreter\linkResolver.cpp, line 771]
Event: 1.039 Thread 0x0000019655427c90 Exception <a 'java/lang/NoSuchMethodError'{0x000000074e491da0}: 'int java.lang.invoke.DirectMethodHandle$Holder.invokeSpecial(java.lang.Object, java.lang.Object, java.lang.Object)'> (0x000000074e491da0) 
thrown [s\src\hotspot\share\interpreter\linkResolver.cpp, line 771]
Event: 1.046 Thread 0x0000019655427c90 Exception <a 'java/lang/NoSuchMethodError'{0x000000074e4a4f58}: 'java.lang.Object java.lang.invoke.Invokers$Holder.invokeExact_MT(java.lang.Object, java.lang.Object, java.lang.Object, java.lang.Object)'> (0x000000074e4a4f58) 
thrown [s\src\hotspot\share\interpreter\linkResolver.cpp, line 771]
Event: 1.160 Thread 0x0000019655427c90 Exception <a 'java/lang/NoSuchMethodError'{0x000000074ee827e8}: 'java.lang.Object java.lang.invoke.DirectMethodHandle$Holder.invokeInterface(java.lang.Object, java.lang.Object, java.lang.Object)'> (0x000000074ee827e8) 
thrown [s\src\hotspot\share\interpreter\linkResolver.cpp, line 771]
Event: 1.165 Thread 0x0000019655427c90 Exception <a 'java/lang/NoSuchMethodError'{0x000000074eea4120}: 'void java.lang.invoke.DirectMethodHandle$Holder.invokeSpecial(java.lang.Object, java.lang.Object, java.lang.Object)'> (0x000000074eea4120) 
thrown [s\src\hotspot\share\interpreter\linkResolver.cpp, line 771]
Event: 1.179 Thread 0x0000019655427c90 Implicit null exception at 0x000001966042e38f to 0x000001966042e7f0
Event: 1.179 Thread 0x0000019655427c90 Implicit null exception at 0x000001966041d014 to 0x000001966041d440
Event: 1.199 Thread 0x0000019655427c90 Exception <a 'java/lang/NoSuchMethodError'{0x000000074ec608d0}: 'java.lang.Object java.lang.invoke.DirectMethodHandle$Holder.invokeStaticInit(java.lang.Object)'> (0x000000074ec608d0) 
thrown [s\src\hotspot\share\interpreter\linkResolver.cpp, line 771]
Event: 1.387 Thread 0x0000019655427c90 Exception <a 'java/lang/NoSuchMethodError'{0x000000074e86de80}: 'java.lang.Object java.lang.invoke.DirectMethodHandle$Holder.invokeStaticInit(java.lang.Object, int, int, int, int)'> (0x000000074e86de80) 
thrown [s\src\hotspot\share\interpreter\linkResolver.cpp, line 771]
Event: 1.580 Thread 0x0000019655427c90 Exception <a 'java/lang/NoSuchMethodError'{0x000000074e8c62b8}: 'java.lang.Object java.lang.invoke.DirectMethodHandle$Holder.invokeStaticInit(java.lang.Object, java.lang.Object, int, int, int, int)'> (0x000000074e8c62b8) 
thrown [s\src\hotspot\share\interpreter\linkResolver.cpp, line 771]
Event: 1.810 Thread 0x0000019655427c90 Exception <a 'java/lang/NoSuchMethodError'{0x000000074e8f32b8}: 'void java.lang.invoke.DirectMethodHandle$Holder.invokeStatic(java.lang.Object, java.lang.Object, java.lang.Object)'> (0x000000074e8f32b8) 
thrown [s\src\hotspot\share\interpreter\linkResolver.cpp, line 771]
Event: 1.828 Thread 0x0000019655427c90 Implicit null exception at 0x0000019660418672 to 0x0000019660418cc0
Event: 1.829 Thread 0x0000019655427c90 Implicit null exception at 0x0000019660419af2 to 0x000001966041a15c

VM Operations (18 events):
Event: 0.174 Executing VM operation: HandshakeAllThreads
Event: 0.174 Executing VM operation: HandshakeAllThreads done
Event: 0.682 Executing VM operation: G1CollectForAllocation
Event: 0.685 Executing VM operation: G1CollectForAllocation done
Event: 0.848 Executing VM operation: HandshakeAllThreads
Event: 0.848 Executing VM operation: HandshakeAllThreads done
Event: 1.035 Executing VM operation: HandshakeAllThreads
Event: 1.035 Executing VM operation: HandshakeAllThreads done
Event: 1.145 Executing VM operation: G1CollectForAllocation
Event: 1.148 Executing VM operation: G1CollectForAllocation done
Event: 1.280 Executing VM operation: HandshakeAllThreads
Event: 1.280 Executing VM operation: HandshakeAllThreads done
Event: 1.556 Executing VM operation: HandshakeAllThreads
Event: 1.557 Executing VM operation: HandshakeAllThreads done
Event: 2.559 Executing VM operation: Cleanup
Event: 2.559 Executing VM operation: Cleanup done
Event: 5.587 Executing VM operation: Cleanup
Event: 5.587 Executing VM operation: Cleanup done

Events (20 events):
Event: 2.244 loading class jdk/internal/reflect/ByteVectorFactory
Event: 2.244 loading class jdk/internal/reflect/ByteVectorFactory done
Event: 2.244 loading class jdk/internal/reflect/ByteVectorImpl
Event: 2.245 loading class jdk/internal/reflect/ByteVector
Event: 2.245 loading class jdk/internal/reflect/ByteVector done
Event: 2.245 loading class jdk/internal/reflect/ByteVectorImpl done
Event: 2.245 loading class jdk/internal/reflect/ClassFileAssembler
Event: 2.245 loading class jdk/internal/reflect/ClassFileAssembler done
Event: 2.245 loading class jdk/internal/reflect/UTF8
Event: 2.245 loading class jdk/internal/reflect/UTF8 done
Event: 2.246 loading class jdk/internal/reflect/Label
Event: 2.246 loading class jdk/internal/reflect/Label done
Event: 2.246 loading class jdk/internal/reflect/Label$PatchInfo
Event: 2.246 loading class jdk/internal/reflect/Label$PatchInfo done
Event: 2.246 loading class jdk/internal/reflect/MethodAccessorGenerator$1
Event: 2.246 loading class jdk/internal/reflect/MethodAccessorGenerator$1 done
Event: 2.246 loading class jdk/internal/reflect/ClassDefiner
Event: 2.246 loading class jdk/internal/reflect/ClassDefiner done
Event: 2.246 loading class jdk/internal/reflect/ClassDefiner$1
Event: 2.246 loading class jdk/internal/reflect/ClassDefiner$1 done


Dynamic libraries:
0x00007ff7bdd60000 - 0x00007ff7bdd6a000 	C:\Program Files\Android\Android Studio\jbr\bin\java.exe
0x00007ff9610a0000 - 0x00007ff9612a9000 	C:\Windows\SYSTEM32\ntdll.dll
0x00007ff960540000 - 0x00007ff9605fd000 	C:\Windows\System32\KERNEL32.DLL
0x00007ff95e650000 - 0x00007ff95e9d4000 	C:\Windows\System32\KERNELBASE.dll
0x00007ff95e530000 - 0x00007ff95e641000 	C:\Windows\System32\ucrtbase.dll
0x00007ff94b290000 - 0x00007ff94b2a7000 	C:\Program Files\Android\Android Studio\jbr\bin\jli.dll
0x00007ff960810000 - 0x00007ff9609bd000 	C:\Windows\System32\USER32.dll
0x00007ff95ebb0000 - 0x00007ff95ebd6000 	C:\Windows\System32\win32u.dll
0x00007ff95fe10000 - 0x00007ff95fe3a000 	C:\Windows\System32\GDI32.dll
0x00007ff95ebe0000 - 0x00007ff95ecfe000 	C:\Windows\System32\gdi32full.dll
0x00007ff95eaa0000 - 0x00007ff95eb3d000 	C:\Windows\System32\msvcp_win.dll
0x00007ff91ce10000 - 0x00007ff91ce2b000 	C:\Program Files\Android\Android Studio\jbr\bin\VCRUNTIME140.dll
0x00007ff93f6b0000 - 0x00007ff93f955000 	C:\Windows\WinSxS\amd64_microsoft.windows.common-controls_6595b64144ccf1df_6.0.22000.120_none_9d947278b86cc467\COMCTL32.dll
0x00007ff95f170000 - 0x00007ff95f213000 	C:\Windows\System32\msvcrt.dll
0x00007ff95f600000 - 0x00007ff95f631000 	C:\Windows\System32\IMM32.DLL
0x00007ff938ec0000 - 0x00007ff938ecc000 	C:\Program Files\Android\Android Studio\jbr\bin\vcruntime140_1.dll
0x00007ff8e30b0000 - 0x00007ff8e313d000 	C:\Program Files\Android\Android Studio\jbr\bin\msvcp140.dll
0x00007ff9268d0000 - 0x00007ff927553000 	C:\Program Files\Android\Android Studio\jbr\bin\server\jvm.dll
0x00007ff95ff80000 - 0x00007ff96002e000 	C:\Windows\System32\ADVAPI32.dll
0x00007ff95f060000 - 0x00007ff95f0fe000 	C:\Windows\System32\sechost.dll
0x00007ff95fe40000 - 0x00007ff95ff61000 	C:\Windows\System32\RPCRT4.dll
0x00007ff95e400000 - 0x00007ff95e44d000 	C:\Windows\SYSTEM32\POWRPROF.dll
0x00007ff94bd30000 - 0x00007ff94bd39000 	C:\Windows\SYSTEM32\WSOCK32.dll
0x00007ff960320000 - 0x00007ff96038f000 	C:\Windows\System32\WS2_32.dll
0x00007ff9589b0000 - 0x00007ff9589e3000 	C:\Windows\SYSTEM32\WINMM.dll
0x00007ff959040000 - 0x00007ff95904a000 	C:\Windows\SYSTEM32\VERSION.dll
0x00007ff95e3e0000 - 0x00007ff95e3f3000 	C:\Windows\SYSTEM32\UMPDC.dll
0x00007ff95d5a0000 - 0x00007ff95d5b8000 	C:\Windows\SYSTEM32\kernel.appcore.dll
0x00007ff95a710000 - 0x00007ff95a71a000 	C:\Program Files\Android\Android Studio\jbr\bin\jimage.dll
0x00007ff95bfd0000 - 0x00007ff95c1f1000 	C:\Windows\SYSTEM32\DBGHELP.DLL
0x00007ff94ad80000 - 0x00007ff94adb1000 	C:\Windows\SYSTEM32\dbgcore.DLL
0x00007ff95ed00000 - 0x00007ff95ed7f000 	C:\Windows\System32\bcryptPrimitives.dll
0x00007ff959910000 - 0x00007ff959935000 	C:\Program Files\Android\Android Studio\jbr\bin\java.dll
0x00007ff95a170000 - 0x00007ff95a188000 	C:\Program Files\Android\Android Studio\jbr\bin\zip.dll
0x00007ff95f640000 - 0x00007ff95fe05000 	C:\Windows\System32\SHELL32.dll
0x00007ff95c5c0000 - 0x00007ff95ce22000 	C:\Windows\SYSTEM32\windows.storage.dll
0x00007ff95f220000 - 0x00007ff95f596000 	C:\Windows\System32\combase.dll
0x00007ff95c450000 - 0x00007ff95c5b7000 	C:\Windows\SYSTEM32\wintypes.dll
0x00007ff960030000 - 0x00007ff96011a000 	C:\Windows\System32\SHCORE.dll
0x00007ff961000000 - 0x00007ff96105d000 	C:\Windows\System32\shlwapi.dll
0x00007ff95e460000 - 0x00007ff95e485000 	C:\Windows\SYSTEM32\profapi.dll
0x00007ff958d40000 - 0x00007ff958d59000 	C:\Program Files\Android\Android Studio\jbr\bin\net.dll
0x00007ff958ab0000 - 0x00007ff958bc4000 	C:\Windows\SYSTEM32\WINHTTP.dll
0x00007ff95da50000 - 0x00007ff95dab7000 	C:\Windows\system32\mswsock.dll
0x00007ff958bd0000 - 0x00007ff958be6000 	C:\Program Files\Android\Android Studio\jbr\bin\nio.dll
0x00007ff95a700000 - 0x00007ff95a710000 	C:\Program Files\Android\Android Studio\jbr\bin\verify.dll
0x00007ff958c70000 - 0x00007ff958c97000 	C:\Users\LNV\.gradle\native\e1d6ef7f7dcc3fd88c89a11ec53ec762bb8ba0a96d01ffa2cd45eb1d1d8dd5c5\windows-amd64\native-platform.dll
0x00007ff955ee0000 - 0x00007ff955ee9000 	C:\Program Files\Android\Android Studio\jbr\bin\management.dll
0x00007ff955e70000 - 0x00007ff955e7b000 	C:\Program Files\Android\Android Studio\jbr\bin\management_ext.dll
0x00007ff960390000 - 0x00007ff960398000 	C:\Windows\System32\PSAPI.DLL
0x00007ff95dca0000 - 0x00007ff95dcb8000 	C:\Windows\SYSTEM32\CRYPTSP.dll
0x00007ff95d500000 - 0x00007ff95d535000 	C:\Windows\system32\rsaenh.dll
0x00007ff95db40000 - 0x00007ff95db6c000 	C:\Windows\SYSTEM32\USERENV.dll
0x00007ff95de10000 - 0x00007ff95de37000 	C:\Windows\SYSTEM32\bcrypt.dll
0x00007ff95dc90000 - 0x00007ff95dc9c000 	C:\Windows\SYSTEM32\CRYPTBASE.dll
0x00007ff95d070000 - 0x00007ff95d09d000 	C:\Windows\SYSTEM32\IPHLPAPI.DLL
0x00007ff960310000 - 0x00007ff960319000 	C:\Windows\System32\NSI.dll
0x00007ff9588d0000 - 0x00007ff9588e9000 	C:\Windows\SYSTEM32\dhcpcsvc6.DLL
0x00007ff9593b0000 - 0x00007ff9593ce000 	C:\Windows\SYSTEM32\dhcpcsvc.DLL
0x00007ff95d0a0000 - 0x00007ff95d187000 	C:\Windows\SYSTEM32\DNSAPI.dll
0x00007ff958fc0000 - 0x00007ff958fc9000 	C:\Program Files\Android\Android Studio\jbr\bin\extnet.dll
0x00007ff958d80000 - 0x00007ff958d88000 	C:\Windows\system32\wshunix.dll

dbghelp: loaded successfully - version: 4.0.5 - missing functions: none
symbol engine: initialized successfully - sym options: 0x614 - pdb path: .;C:\Program Files\Android\Android Studio\jbr\bin;C:\Windows\SYSTEM32;C:\Windows\WinSxS\amd64_microsoft.windows.common-controls_6595b64144ccf1df_6.0.22000.120_none_9d947278b86cc467;C:\Program Files\Android\Android Studio\jbr\bin\server;C:\Users\LNV\.gradle\native\e1d6ef7f7dcc3fd88c89a11ec53ec762bb8ba0a96d01ffa2cd45eb1d1d8dd5c5\windows-amd64

VM Arguments:
jvm_args: -Dorg.gradle.appname=gradlew 
java_command: org.gradle.wrapper.GradleWrapperMain -q -Ptarget-platform=android-arm,android-arm64,android-x64 -Ptarget=lib\main.dart -Pbase-application-name=android.app.Application -Pdart-obfuscation=false -Ptrack-widget-creation=true -Ptree-shake-icons=true -Psplit-per-abi=true assembleRelease
java_class_path (initial): C:\Users\LNV\Desktop\FlutterProject\Quiz_App\android\\gradle\wrapper\gradle-wrapper.jar
Launcher Type: SUN_STANDARD

[Global flags]
     intx CICompilerCount                          = 3                                         {product} {ergonomic}
     uint ConcGCThreads                            = 1                                         {product} {ergonomic}
     uint G1ConcRefinementThreads                  = 4                                         {product} {ergonomic}
   size_t G1HeapRegionSize                         = 2097152                                   {product} {ergonomic}
    uintx GCDrainStackTargetSize                   = 64                                        {product} {ergonomic}
   size_t InitialHeapSize                          = 199229440                                 {product} {ergonomic}
   size_t MarkStackSize                            = 4194304                                   {product} {ergonomic}
   size_t MaxHeapSize                              = 3168796672                                {product} {ergonomic}
   size_t MaxNewSize                               = 1900019712                                {product} {ergonomic}
   size_t MinHeapDeltaBytes                        = 2097152                                   {product} {ergonomic}
   size_t MinHeapSize                              = 8388608                                   {product} {ergonomic}
    uintx NonNMethodCodeHeapSize                   = 5832780                                {pd product} {ergonomic}
    uintx NonProfiledCodeHeapSize                  = 122912730                              {pd product} {ergonomic}
    uintx ProfiledCodeHeapSize                     = 122912730                              {pd product} {ergonomic}
    uintx ReservedCodeCacheSize                    = 251658240                              {pd product} {ergonomic}
     bool SegmentedCodeCache                       = true                                      {product} {ergonomic}
   size_t SoftMaxHeapSize                          = 3168796672                             {manageable} {ergonomic}
     bool UseCompressedClassPointers               = true                           {product lp64_product} {ergonomic}
     bool UseCompressedOops                        = true                           {product lp64_product} {ergonomic}
     bool UseG1GC                                  = true                                      {product} {ergonomic}
     bool UseLargePagesIndividualAllocation        = false                                  {pd product} {ergonomic}

Logging:
Log output configuration:
 #0: stdout all=warning uptime,level,tags
 #1: stderr all=off uptime,level,tags

Environment Variables:
JAVA_HOME=C:\Program Files\Android\Android Studio\jbr
CLASSPATH=C:\Users\LNV\Desktop\FlutterProject\Quiz_App\android\\gradle\wrapper\gradle-wrapper.jar
PATH=C:\Program Files\Android\Android Studio\jbr\bin;C:\Windows\system32;C:\Windows;C:\Windows\System32\Wbem;C:\Windows\System32\WindowsPowerShell\v1.0\;C:\Windows\System32\OpenSSH\;C:\Program Files\;C:\Program Files\MongoDB\Server\7.0\bin;C:\Program Files\MongoDB\mongosh;C:\xampp\php;C:\ProgramData\ComposerSetup\bin;C:\Program Files\php-8.3.6;C:\Program Files\Git\cmd;C:\Users\LNV\Downloads\flutter_windows_3.19.6-stable\flutter\bin;C:\Users\LNV\AppData\Local\Programs\Eclipse Adoptium\jdk-17.0.10.7-hotspot\bin;C:\Users\LNV\AppData\Local\Microsoft\WindowsApps;C:\Users\LNV\AppData\Local\Programs\Microsoft VS Code\bin;C:\Users\LNV\AppData\Roaming\npm;C:\Program Files\mongosh\;C:\Users\LNV\AppData\Roaming\Composer\vendor\bin;C:\Users\LNV\Downloads\flutter_windows_3.19.6-stable\flutter\bin;;C:\Users\LNV\Downloads\flutter_windows_3.19.6-stable\flutter\bin\mingit\cmd
USERNAME=LNV
OS=Windows_NT
PROCESSOR_IDENTIFIER=Intel64 Family 6 Model 126 Stepping 5, GenuineIntel
TMP=C:\Users\LNV\AppData\Local\Temp
TEMP=C:\Users\LNV\AppData\Local\Temp



Periodic native trim disabled

JNI global refs:
JNI global refs: 18, weak refs: 0

JNI global refs memory usage: 843, weak refs: 209

OOME stack traces (most recent first):
Classloader memory used:
Loader bootstrap                                                                       : 1531K
Loader org.gradle.internal.classloader.VisitableURLClassLoader                         : 468K
Loader java.net.URLClassLoader                                                         : 25819B
Loader jdk.internal.loader.ClassLoaders$AppClassLoader                                 : 18431B
Loader jdk.internal.loader.ClassLoaders$PlatformClassLoader                            : 14152B
Loader jdk.internal.reflect.DelegatingClassLoader                                      : 439B

Classes loaded by more than one classloader:
Class org.gradle.internal.installation.GradleInstallation                             : loaded 2 times (x 73B)
Class org.gradle.cli.ParsedCommandLine                                                : loaded 2 times (x 78B)
Class org.gradle.internal.classpath.ClassPath                                         : loaded 2 times (x 68B)
Class org.gradle.api.Action                                                           : loaded 2 times (x 68B)
Class org.gradle.cli.CommandLineParser$OptionString                                   : loaded 2 times (x 71B)
Class org.gradle.internal.installation.GradleInstallation$1                           : loaded 2 times (x 73B)
Class org.gradle.cli.CommandLineParser$AfterOptions                                   : loaded 2 times (x 75B)
Class org.gradle.cli.CommandLineParser$AfterFirstSubCommand                           : loaded 2 times (x 75B)
Class org.gradle.internal.service.UnknownServiceException                             : loaded 2 times (x 81B)
Class org.gradle.api.GradleException                                                  : loaded 2 times (x 80B)
Class org.gradle.api.internal.classpath.ModuleRegistry                                : loaded 2 times (x 68B)
Class org.gradle.cli.CommandLineParser$KnownOptionParserState                         : loaded 2 times (x 74B)
Class org.gradle.cli.AbstractPropertiesCommandLineConverter                           : loaded 2 times (x 81B)
Class org.gradle.api.specs.Spec                                                       : loaded 2 times (x 68B)
Class org.gradle.cli.SystemPropertiesCommandLineConverter                             : loaded 2 times (x 81B)
Class org.gradle.internal.IoActions                                                   : loaded 2 times (x 69B)
Class org.gradle.internal.installation.CurrentGradleInstallation                      : loaded 2 times (x 71B)
Class org.gradle.internal.installation.CurrentGradleInstallationLocator               : loaded 2 times (x 69B)
Class org.gradle.internal.classpath.DefaultClassPath                                  : loaded 2 times (x 88B)
Class org.gradle.api.Transformer                                                      : loaded 2 times (x 68B)
Class org.gradle.cli.CommandLineParser                                                : loaded 2 times (x 77B)
Class org.gradle.cli.CommandLineParser$BeforeFirstSubCommand                          : loaded 2 times (x 75B)
Class org.gradle.cli.CommandLineOption                                                : loaded 2 times (x 84B)
Class org.gradle.cli.CommandLineParser$ParserState                                    : loaded 2 times (x 74B)
Class org.gradle.cli.CommandLineParser$MissingOptionArgState                          : loaded 2 times (x 75B)
Class org.gradle.api.UncheckedIOException                                             : loaded 2 times (x 80B)
Class org.gradle.cli.ParsedCommandLineOption                                          : loaded 2 times (x 74B)
Class org.gradle.internal.classloader.ClasspathUtil                                   : loaded 2 times (x 69B)
Class org.gradle.cli.CommandLineParser$UnknownOptionParserState                       : loaded 2 times (x 74B)
Class org.gradle.internal.service.ServiceLookupException                              : loaded 2 times (x 80B)
Class org.gradle.util.internal.GUtil                                                  : loaded 2 times (x 69B)
Class org.gradle.cli.CommandLineParser$OptionAwareParserState                         : loaded 2 times (x 75B)
Class org.gradle.cli.CommandLineParser$OptionParserState                              : loaded 2 times (x 73B)
Class org.gradle.internal.Cast                                                        : loaded 2 times (x 69B)
Class org.gradle.cli.CommandLineConverter                                             : loaded 2 times (x 68B)
Class org.gradle.internal.classpath.DefaultClassPath$ImmutableUniqueList              : loaded 2 times (x 159B)
Class org.gradle.cli.AbstractCommandLineConverter                                     : loaded 2 times (x 77B)
Class org.gradle.cli.CommandLineArgumentException                                     : loaded 2 times (x 80B)


---------------  S Y S T E M  ---------------

OS:
 Windows 11 , 64 bit Build 22000 (10.0.22000.2538)
OS uptime: 0 days 0:54 hours

CPU: total 4 (initial active 4) (2 cores per cpu, 2 threads per core) family 6 model 126 stepping 5 microcode 0x86, cx8, cmov, fxsr, ht, mmx, 3dnowpref, sse, sse2, sse3, ssse3, sse4.1, sse4.2, popcnt, lzcnt, tsc, tscinvbit, avx, avx2, aes, erms, clmul, bmi1, bmi2, adx, avx512f, avx512dq, avx512cd, avx512bw, avx512vl, sha, fma, vzeroupper, avx512_vpopcntdq, avx512_vpclmulqdq, avx512_vaes, avx512_vnni, clflush, clflushopt, avx512_vbmi2, avx512_vbmi
Processor Information for all 4 processors :
  Max Mhz: 1190, Current Mhz: 1190, Mhz Limit: 1190

Memory: 4k page, system-wide physical 12083M (404M free)
TotalPageFile size 14131M (AvailPageFile size 134M)
current process WorkingSet (physical memory assigned to process): 84M, peak: 91M
current process commit charge ("private bytes"): 282M, peak: 291M

vm_info: OpenJDK 64-Bit Server VM (17.0.10+0--11572160) for windows-amd64 JRE (17.0.10+0--11572160), built on Mar 13 2024 23:56:38 by "androidbuild" with MS VC++ 16.10 / 16.11 (VS2019)

END.
